TN:
SF:lib/application/class/operation_failure.dart
FNF:0
FNH:0
DA:7,2
LF:1
LH:1
end_of_record
TN:
SF:lib/application/class/team_class.dart
FNF:0
FNH:0
DA:20,1
LF:1
LH:1
end_of_record
TN:
SF:lib/application/series_notifier.dart
FNF:0
FNH:0
DA:7,3
DA:9,1
DA:10,4
DA:12,3
DA:13,2
DA:14,1
DA:27,1
DA:28,4
DA:34,1
DA:37,5
DA:38,4
DA:43,1
DA:44,4
DA:46,3
DA:47,2
DA:48,1
DA:61,1
DA:62,4
DA:68,1
DA:71,5
DA:72,4
LF:21
LH:21
end_of_record
TN:
SF:lib/application/series_state.dart
FNF:0
FNH:0
DA:10,2
DA:19,1
LF:2
LH:2
end_of_record
TN:
SF:lib/data/dto/fixture_dto.dart
FNF:0
FNH:0
DA:13,1
DA:27,0
DA:28,0
DA:29,0
DA:30,0
DA:31,0
DA:32,0
DA:33,0
DA:34,0
DA:35,0
DA:36,0
DA:37,0
DA:38,0
DA:39,0
DA:40,0
DA:65,0
DA:66,0
LF:17
LH:1
end_of_record
TN:
SF:lib/data/dto/series_dto.dart
FNF:0
FNH:0
DA:12,1
DA:22,1
DA:23,1
DA:24,1
DA:25,2
DA:26,1
DA:27,1
DA:28,1
DA:29,1
DA:34,0
DA:35,0
LF:11
LH:9
end_of_record
TN:
SF:lib/data/series_repository.dart
FNF:0
FNH:0
DA:9,1
DA:21,1
DA:23,3
DA:24,1
DA:25,3
DA:26,1
DA:27,1
DA:29,1
DA:43,1
DA:45,3
DA:46,0
DA:47,0
DA:48,0
DA:49,1
DA:51,1
LF:15
LH:12
end_of_record
