TN:
SF:lib/application/class/operation_failure.dart
FNF:0
FNH:0
DA:7,8
LF:1
LH:1
end_of_record
TN:
SF:lib/application/class/team_class.dart
FNF:0
FNH:0
DA:20,3
LF:1
LH:1
end_of_record
TN:
SF:lib/application/fixtures_notifier.dart
FNF:0
FNH:0
DA:7,3
DA:9,1
DA:10,4
DA:12,3
DA:13,2
DA:14,1
DA:27,1
DA:28,4
DA:34,1
DA:36,4
DA:41,1
DA:42,4
DA:44,3
DA:45,2
DA:46,1
DA:59,1
DA:60,4
DA:66,1
DA:67,4
LF:19
LH:19
end_of_record
TN:
SF:lib/application/fixtures_state.dart
FNF:0
FNH:0
DA:9,2
DA:17,1
LF:2
LH:2
end_of_record
TN:
SF:lib/application/results_notifier.dart
FNF:0
FNH:0
DA:7,3
DA:9,1
DA:10,4
DA:12,3
DA:13,2
DA:14,1
DA:27,1
DA:28,4
DA:34,1
DA:36,4
DA:41,1
DA:42,4
DA:44,3
DA:45,2
DA:46,1
DA:59,1
DA:60,4
DA:66,1
DA:67,4
LF:19
LH:19
end_of_record
TN:
SF:lib/application/results_state.dart
FNF:0
FNH:0
DA:9,2
DA:17,1
LF:2
LH:2
end_of_record
TN:
SF:lib/application/series_notifier.dart
FNF:0
FNH:0
DA:7,3
DA:9,1
DA:10,4
DA:12,3
DA:13,2
DA:14,1
DA:27,1
DA:28,4
DA:34,1
DA:37,5
DA:38,4
DA:43,1
DA:44,4
DA:46,3
DA:47,2
DA:48,1
DA:61,1
DA:62,4
DA:68,1
DA:71,5
DA:72,4
LF:21
LH:21
end_of_record
TN:
SF:lib/application/series_state.dart
FNF:0
FNH:0
DA:10,4
DA:19,1
LF:2
LH:2
end_of_record
TN:
SF:lib/data/dto/fixture_dto.dart
FNF:0
FNH:0
DA:13,3
DA:27,2
DA:28,4
DA:29,4
DA:30,2
DA:31,2
DA:32,4
DA:33,2
DA:34,2
DA:35,2
DA:36,2
DA:37,2
DA:38,2
DA:39,8
DA:40,8
DA:65,0
DA:66,0
LF:17
LH:15
end_of_record
TN:
SF:lib/data/dto/series_dto.dart
FNF:0
FNH:0
DA:12,1
DA:22,1
DA:23,1
DA:24,1
DA:25,2
DA:26,1
DA:27,1
DA:28,1
DA:29,1
DA:34,0
DA:35,0
LF:11
LH:9
end_of_record
TN:
SF:lib/data/fixtures_repository.dart
FNF:0
FNH:0
DA:10,1
DA:22,1
DA:24,3
DA:25,1
DA:26,3
DA:27,1
DA:28,1
DA:30,1
DA:44,1
DA:46,3
DA:47,0
DA:48,0
DA:49,0
DA:50,1
DA:52,1
LF:15
LH:12
end_of_record
TN:
SF:lib/data/results_repository.dart
FNF:0
FNH:0
DA:10,1
DA:22,1
DA:24,3
DA:25,1
DA:26,3
DA:27,1
DA:28,1
DA:30,1
DA:44,1
DA:46,3
DA:47,0
DA:48,0
DA:49,0
DA:50,1
DA:52,1
LF:15
LH:12
end_of_record
TN:
SF:lib/data/series_repository.dart
FNF:0
FNH:0
DA:11,1
DA:23,1
DA:25,3
DA:26,1
DA:27,3
DA:28,1
DA:29,1
DA:31,1
DA:45,1
DA:47,3
DA:48,0
DA:49,0
DA:50,0
DA:51,1
DA:53,1
LF:15
LH:12
end_of_record
